0	1	mikroCPIC32.exe -MSF -DBG -pP32MX795F512L -DL -SSA -EBASE 0x9FC01000 -INTDEF MV_SRS7_IS32 -O11111114 -fo80 -N"E:\Users\Hamzeh\Dropbox\Academic\Courses\Computer Organization_Bilkent\2015 Spring\LAB9\Example Projects\LED_Blinking\Led_Blinking.mcp32" -SP"C:\Users\Public\Documents\Mikroelektronika\mikroC PRO for PIC32\defs\" -SP"C:\Users\Public\Documents\Mikroelektronika\mikroC PRO for PIC32\uses\" -SP"E:\Users\Hamzeh\Dropbox\Academic\Courses\Computer Organization_Bilkent\2015 Spring\LAB9\Example Projects\LED_Blinking\" -SP"e:\Users\Hamzeh\Documents\MPLABXProjects\pic32_Led Blinking\" -SP"C:\Program Files\Mikroelektronika\mikroC PRO for PIC32\defs\" -SP"C:\Program Files\Mikroelektronika\mikroC PRO for PIC32\uses\" -SP"\\Mybooklive\Public\Server\ORTAK\MURAT\gelistirme\pic32_karti\MikroC_ornek_kodlar\pic32_karti_uzerindeki_ledi_yakar_sondurur\pic32_Led Blinking\" -SP"C:\Documents and Settings\AR-GE\Desktop\Pic32_mikroC\calisanlar\PORT TESTS\pic32_Led Blinking_TUMportlar\pic32_Led Blinking\" -SP"C:\Documents and Settings\AR-GE\Desktop\Pic32_mikroC\calisanlar\PORT TESTS\pic32_Led Blinking_PORTG\pic32_Led Blinking\" -SP"C:\Documents and Settings\AR-GE\Desktop\Pic32_mikroC\calisanlar\PORT TESTS\pic32_Led Blinking_PORTF\pic32_Led Blinking\" -SP"C:\Documents and Settings\AR-GE\Desktop\Pic32_mikroC\pic32_Led Blinking\" -SP"C:\Documents and Settings\AR-GE\Desktop\Pic32_mikroC\pic32_Led Blinking_tekli\" -SP"C:\Documents and Settings\AR-GE\Desktop\pic32_Led Blinking\" -SP"C:\Documents and Settings\AR-GE\Desktop\mini32_examples\MINI-32 Examples\MINI-32 mikroC PRO for PIC32 Examples\Led Blinking\" -SP"C:\Documents and Settings\AR-GE\Desktop\mini32_examples\MINI-32 Examples\MINI-32 mikroC PRO for PIC32 Examples\" "Led_Blinking.c" "__Lib_CP0.emcl" "__Lib_Math.emcl" "__Lib_MathDouble.emcl" "__Lib_System.emcl" "__Lib_SoftResetDma.emcl" "__Lib_Delays.emcl"	 
warning: 0	1501	Specified search path does not exist: 'e:\Users\Hamzeh\Documents\MPLABXProjects\pic32_Led Blinking'	 
warning: 0	1501	Specified search path does not exist: 'C:\Program Files\Mikroelektronika\mikroC PRO for PIC32\defs'	 
warning: 0	1501	Specified search path does not exist: 'C:\Program Files\Mikroelektronika\mikroC PRO for PIC32\uses'	 
warning: 0	1501	Specified search path does not exist: '\\Mybooklive\Public\Server\ORTAK\MURAT\gelistirme\pic32_karti\MikroC_ornek_kodlar\pic32_karti_uzerindeki_ledi_yakar_sondurur\pic32_Led Blinking'	 
warning: 0	1501	Specified search path does not exist: 'C:\Documents and Settings\AR-GE\Desktop\Pic32_mikroC\calisanlar\PORT TESTS\pic32_Led Blinking_TUMportlar\pic32_Led Blinking'	 
warning: 0	1501	Specified search path does not exist: 'C:\Documents and Settings\AR-GE\Desktop\Pic32_mikroC\calisanlar\PORT TESTS\pic32_Led Blinking_PORTG\pic32_Led Blinking'	 
warning: 0	1501	Specified search path does not exist: 'C:\Documents and Settings\AR-GE\Desktop\Pic32_mikroC\calisanlar\PORT TESTS\pic32_Led Blinking_PORTF\pic32_Led Blinking'	 
warning: 0	1501	Specified search path does not exist: 'C:\Documents and Settings\AR-GE\Desktop\Pic32_mikroC\pic32_Led Blinking'	 
warning: 0	1501	Specified search path does not exist: 'C:\Documents and Settings\AR-GE\Desktop\Pic32_mikroC\pic32_Led Blinking_tekli'	 
warning: 0	1501	Specified search path does not exist: 'C:\Documents and Settings\AR-GE\Desktop\pic32_Led Blinking'	 
warning: 0	1501	Specified search path does not exist: 'C:\Documents and Settings\AR-GE\Desktop\mini32_examples\MINI-32 Examples\MINI-32 mikroC PRO for PIC32 Examples\Led Blinking'	 
warning: 0	1501	Specified search path does not exist: 'C:\Documents and Settings\AR-GE\Desktop\mini32_examples\MINI-32 Examples\MINI-32 mikroC PRO for PIC32 Examples'	 
diagnostics: 0	126	All files Preprocessed in 31 ms	 
diagnostics: 0	122	Compilation Started	Led_Blinking.c
diagnostics: 46	123	Compiled Successfully	Led_Blinking.c
diagnostics: 0	127	All files Compiled in 32 ms	 
hint: 0	1144	Used RX: 10 (31%)   Free RX: 22 (69%)	Used RX: 10 (31%)   Free RX: 22 (69%)
hint: 0	1144	Static RAM (bytes): 0   Dynamic RAM (bytes): 131069	Static RAM (bytes): 0   Dynamic RAM (bytes): 131069
hint: 0	1144	Used ROM (bytes): 212 (0%)  Free ROM (bytes): 524076 (100%)	Used ROM (bytes): 212 (0%)  Free ROM (bytes): 524076 (100%)
hint: 0	1144	Used BOOTROM (bytes): 320 (3%)  Free BOOTROM (bytes): 11953 (97%)	Used BOOTROM (bytes): 320 (3%)  Free BOOTROM (bytes): 11953 (97%)
diagnostics: 0	125	Project Linked Successfully	Led_Blinking.mcp32
diagnostics: 0	128	Linked in 343 ms	 
diagnostics: 0	129	Project 'Led_Blinking.mcp32' completed: 640 ms	 
diagnostics: 0	103	Finished successfully: 25 Apr 2015, 23:52:43	Led_Blinking.mcp32
